<?xml version="1.0" encoding="UTF-8"?>
<!-- Generated by org.testng.reporters.JUnitReportReporter -->
<testsuite skipped="0" hostname="Qcentris127" name="test.transferFundsTest" tests="1" failures="0" timestamp="2021-01-05T18:27:37 EET" time="44.296" errors="0">
  <testcase name="fundTransfer" time="44.296" classname="test.transferFundsTest"/>
  <system-out/>
</testsuite> <!-- test.transferFundsTest -->
