<?xml version="1.0" encoding="UTF-8"?>
<!-- Generated by org.testng.reporters.JUnitReportReporter -->
<testsuite skipped="0" hostname="Qcentris127" name="test.RegisterTest" tests="1" failures="0" timestamp="2021-01-05T18:27:37 EET" time="27.781" errors="0">
  <testcase name="Register" time="27.781" classname="test.RegisterTest"/>
  <system-out/>
</testsuite> <!-- test.RegisterTest -->
