<?xml version="1.0" encoding="UTF-8"?>
<!-- Generated by org.testng.reporters.JUnitReportReporter -->
<testsuite skipped="0" hostname="Qcentris127" name="test.requestLoanTest" tests="1" failures="0" timestamp="2021-01-05T18:27:37 EET" time="18.708" errors="0">
  <testcase name="requestLoan" time="18.708" classname="test.requestLoanTest"/>
  <system-out/>
</testsuite> <!-- test.requestLoanTest -->
