<?xml version="1.0" encoding="UTF-8"?>
<!-- Generated by org.testng.reporters.JUnitReportReporter -->
<testsuite skipped="0" hostname="Qcentris127" name="test.loginTest" tests="1" failures="0" timestamp="2021-01-05T18:27:37 EET" time="29.950" errors="0">
  <testcase name="Login" time="29.950" classname="test.loginTest"/>
  <system-out/>
</testsuite> <!-- test.loginTest -->
